# md5sum #
8ad3ea970152ee4335687fc74f6bf730  1.bed.chr.interval_list
123fbe95893411861c4591ca23c6a80a  1.bed.interval_list
3e70ea48730883b8384b69ecc51d1985  10.bed.chr.interval_list
90d4f440eeaff8cc16548392896b9b1f  10.bed.interval_list
cae7a594255dc833108f00fbee1b85ba  11.bed.chr.interval_list
e4e3382d7be89bcb46c88f0dbb727418  11.bed.interval_list
0fd786bdf4673c026adefe042104a683  12.bed.chr.interval_list
e473ff5bc5aa811ec18c220ce5dcc629  12.bed.interval_list
f6ce027054b7ace4b20a0c93c85dbb38  13.bed.chr.interval_list
144764dd4884d03bf571c7ee1d21593f  13.bed.interval_list
6853d903949ab9747155ac772be1e304  14.bed.chr.interval_list
8122fe46ecfaa05ddb1d6edb62c25548  14.bed.interval_list
377f9dc7524139b9853f75de9b3a1315  15.bed.chr.interval_list
c01ea1e0276c75682fadc37028a15813  15.bed.interval_list
0bd6f8682006f842403364b2a0c3ab64  16.bed.chr.interval_list
db0f7306d0b5669b7ecc1dc3122c0c3d  16.bed.interval_list
5346baf0d6c0de7d93ddea4ff8c6a960  17.bed.chr.interval_list
f79bd66910b9fb3689398356d4c14234  17.bed.interval_list
125afd7b483fc68a12feb52ea64f1304  18.bed.chr.interval_list
c75899f2a229ccb29dc1a5867e7ff328  18.bed.interval_list
6796d98b4615ef4759f9ac783f1ba5a8  19.bed.chr.interval_list
9bae0b973a193c064e1d0568f6471597  19.bed.interval_list
c8d202d6985e8eb9084e116b7b7cd1fc  2.bed.chr.interval_list
e986412e3998e87d7733001f30a700ce  2.bed.interval_list
08242bca558becf07ccbd776fedd8680  21.bed.chr.interval_list
ebc66515e7d01905334826ccaabc8a51  21.bed.interval_list
1da1231baa2bf71fc1f2f2ad7326de08  22.bed.chr.interval_list
07484fb63405722aca33616001f72397  22.bed.interval_list
a05a680a01c699361519e9bbbaa97db2  3.bed.chr.interval_list
cbb5ef5fcba485f17ab36d9c00214194  3.bed.interval_list
53cec9009b83a79520d16647d863d9fd  4.bed.chr.interval_list
007ccdf41d8233e62e0c42251c167ef3  4.bed.interval_list
6ed1a9111ebb980be2fa4bf742402c9b  5.bed.chr.interval_list
d924e4011d0e0c2d914bcdf8404a33d7  5.bed.interval_list
07fb89efc2cdcae1945daa5bd19625f7  7.bed.chr.interval_list
8f77af2736eea579d41c9c85519d0f51  7.bed.interval_list
ce0efad4fe00383f2cc37cbcc719d0cb  8.bed.chr.interval_list
4fdce4f689d92f25226a4417ed50bf57  8.bed.interval_list
f1513053600d9d14e74df1925a633400  9.bed.chr.interval_list
a9dd92a9e80d0b8955253c4a4045faf5  9.bed.interval_list
35401e696f245f0462fc81bc3b43ad26  X.bed.chr.interval_list
169f4b1ee986a0ea8109fe4fb3efbabf  X.bed.interval_list
