1
10
11
12
13
14
15
16
17
18
19
2
21
22
3
4
5
7
8
9
X
# md5sum #
99ae74d62d5964f6048e4c6082bb971d  1.bed
0c3c3bb9f29e9574bd170e172c4df425  10.bed
da12a05470868a44599be3c901682bd1  11.bed
7d9c4bb0600f987b58c45a14921fdd7d  12.bed
a942b817f82fb8d8bc580440428c6190  13.bed
81f27c48ebbf46e54252e82e4ac80689  14.bed
910f86d3232cf7003381fff7904c8a81  15.bed
753939723d5214419b09733964034e90  16.bed
26f54bcf6b2bfd1ddd5e3283b3a94e2d  17.bed
06490f8bb841a8bb74da516345ebc19c  18.bed
bd1845f399d20c5ddf5577cb3c185827  19.bed
f7518f2b679c42ffe270cfba28398690  2.bed
cafdba60bc9b80ebd62f2622251dd184  21.bed
55202839a801d6e609973b7e0593a417  22.bed
9bc8aad3ef5bdb9079bf6e7c38fffb28  3.bed
0eaa79ac88a5b8ec7a43562b3842c41f  4.bed
c594dd5fb1322de581a65f32fc47e428  5.bed
b6deb6b7be50c282ccd74a4fac157f28  7.bed
687c78573c0378b013e6b734b6b3606a  8.bed
7b8f8976318102a368ddf16197f08386  9.bed
1037cf235828f0a22223415c96ed2041  X.bed
16e73e9297e240fa02e5851ef6732e9c  test.bed
